c:\rylah\cpp\algorithm\repos\baaarkingdogalgorithm\baaarkingdogalgorithm\x64\debug\vc143.pdb
c:\rylah\cpp\algorithm\repos\baaarkingdogalgorithm\baaarkingdogalgorithm\x64\debug\vc143.idb
c:\rylah\cpp\algorithm\repos\baaarkingdogalgorithm\baaarkingdogalgorithm\x64\debug\2490.obj
c:\rylah\cpp\algorithm\repos\baaarkingdogalgorithm\x64\debug\baaarkingdogalgorithm.exe
c:\rylah\cpp\algorithm\repos\baaarkingdogalgorithm\baaarkingdogalgorithm\x64\debug\baaarkingdogalgorithm.ilk
c:\rylah\cpp\algorithm\repos\baaarkingdogalgorithm\x64\debug\baaarkingdogalgorithm.pdb
c:\rylah\cpp\algorithm\repos\baaarkingdogalgorithm\baaarkingdogalgorithm\x64\debug\0x00-1.obj
c:\rylah\cpp\algorithm\repos\baaarkingdogalgorithm\baaarkingdogalgorithm\x64\debug\0x00.obj
c:\rylah\cpp\algorithm\repos\baaarkingdogalgorithm\baaarkingdogalgorithm\x64\debug\0x01problem.obj
c:\rylah\cpp\algorithm\repos\baaarkingdogalgorithm\baaarkingdogalgorithm\x64\debug\0x01problem2.obj
c:\rylah\cpp\algorithm\repos\baaarkingdogalgorithm\baaarkingdogalgorithm\x64\debug\0x01problem3.obj
c:\rylah\cpp\algorithm\repos\baaarkingdogalgorithm\baaarkingdogalgorithm\x64\debug\0x01problem4.obj
c:\rylah\cpp\algorithm\repos\baaarkingdogalgorithm\baaarkingdogalgorithm\x64\debug\1001.obj
c:\rylah\cpp\algorithm\repos\baaarkingdogalgorithm\baaarkingdogalgorithm\x64\debug\10171.obj
c:\rylah\cpp\algorithm\repos\baaarkingdogalgorithm\baaarkingdogalgorithm\x64\debug\10172.obj
c:\rylah\cpp\algorithm\repos\baaarkingdogalgorithm\baaarkingdogalgorithm\x64\debug\10250.obj
c:\rylah\cpp\algorithm\repos\baaarkingdogalgorithm\baaarkingdogalgorithm\x64\debug\10430.obj
c:\rylah\cpp\algorithm\repos\baaarkingdogalgorithm\baaarkingdogalgorithm\x64\debug\10807.obj
c:\rylah\cpp\algorithm\repos\baaarkingdogalgorithm\baaarkingdogalgorithm\x64\debug\10809.obj
c:\rylah\cpp\algorithm\repos\baaarkingdogalgorithm\baaarkingdogalgorithm\x64\debug\10810.obj
c:\rylah\cpp\algorithm\repos\baaarkingdogalgorithm\baaarkingdogalgorithm\x64\debug\10811.obj
c:\rylah\cpp\algorithm\repos\baaarkingdogalgorithm\baaarkingdogalgorithm\x64\debug\10813.obj
c:\rylah\cpp\algorithm\repos\baaarkingdogalgorithm\baaarkingdogalgorithm\x64\debug\10818-2.obj
c:\rylah\cpp\algorithm\repos\baaarkingdogalgorithm\baaarkingdogalgorithm\x64\debug\10818.obj
c:\rylah\cpp\algorithm\repos\baaarkingdogalgorithm\baaarkingdogalgorithm\x64\debug\10869.obj
c:\rylah\cpp\algorithm\repos\baaarkingdogalgorithm\baaarkingdogalgorithm\x64\debug\10871.obj
c:\rylah\cpp\algorithm\repos\baaarkingdogalgorithm\baaarkingdogalgorithm\x64\debug\10926.obj
c:\rylah\cpp\algorithm\repos\baaarkingdogalgorithm\baaarkingdogalgorithm\x64\debug\10950.obj
c:\rylah\cpp\algorithm\repos\baaarkingdogalgorithm\baaarkingdogalgorithm\x64\debug\10952.obj
c:\rylah\cpp\algorithm\repos\baaarkingdogalgorithm\baaarkingdogalgorithm\x64\debug\10988.obj
c:\rylah\cpp\algorithm\repos\baaarkingdogalgorithm\baaarkingdogalgorithm\x64\debug\11021.obj
c:\rylah\cpp\algorithm\repos\baaarkingdogalgorithm\baaarkingdogalgorithm\x64\debug\11022.obj
c:\rylah\cpp\algorithm\repos\baaarkingdogalgorithm\baaarkingdogalgorithm\x64\debug\11382.obj
c:\rylah\cpp\algorithm\repos\baaarkingdogalgorithm\baaarkingdogalgorithm\x64\debug\1152.obj
c:\rylah\cpp\algorithm\repos\baaarkingdogalgorithm\baaarkingdogalgorithm\x64\debug\1157.obj
c:\rylah\cpp\algorithm\repos\baaarkingdogalgorithm\baaarkingdogalgorithm\x64\debug\11654.obj
c:\rylah\cpp\algorithm\repos\baaarkingdogalgorithm\baaarkingdogalgorithm\x64\debug\11718.obj
c:\rylah\cpp\algorithm\repos\baaarkingdogalgorithm\baaarkingdogalgorithm\x64\debug\11720.obj
c:\rylah\cpp\algorithm\repos\baaarkingdogalgorithm\baaarkingdogalgorithm\x64\debug\1316.obj
c:\rylah\cpp\algorithm\repos\baaarkingdogalgorithm\baaarkingdogalgorithm\x64\debug\1546.obj
c:\rylah\cpp\algorithm\repos\baaarkingdogalgorithm\baaarkingdogalgorithm\x64\debug\15552.obj
c:\rylah\cpp\algorithm\repos\baaarkingdogalgorithm\baaarkingdogalgorithm\x64\debug\2438.obj
c:\rylah\cpp\algorithm\repos\baaarkingdogalgorithm\baaarkingdogalgorithm\x64\debug\2439.obj
c:\rylah\cpp\algorithm\repos\baaarkingdogalgorithm\baaarkingdogalgorithm\x64\debug\2444.obj
c:\rylah\cpp\algorithm\repos\baaarkingdogalgorithm\baaarkingdogalgorithm\x64\debug\2475.obj
c:\rylah\cpp\algorithm\repos\baaarkingdogalgorithm\baaarkingdogalgorithm\x64\debug\2480.obj
c:\rylah\cpp\algorithm\repos\baaarkingdogalgorithm\baaarkingdogalgorithm\x64\debug\25083.obj
c:\rylah\cpp\algorithm\repos\baaarkingdogalgorithm\baaarkingdogalgorithm\x64\debug\25206.obj
c:\rylah\cpp\algorithm\repos\baaarkingdogalgorithm\baaarkingdogalgorithm\x64\debug\2525.obj
c:\rylah\cpp\algorithm\repos\baaarkingdogalgorithm\baaarkingdogalgorithm\x64\debug\25314.obj
c:\rylah\cpp\algorithm\repos\baaarkingdogalgorithm\baaarkingdogalgorithm\x64\debug\2558.obj
c:\rylah\cpp\algorithm\repos\baaarkingdogalgorithm\baaarkingdogalgorithm\x64\debug\2562.obj
c:\rylah\cpp\algorithm\repos\baaarkingdogalgorithm\baaarkingdogalgorithm\x64\debug\2577.obj
c:\rylah\cpp\algorithm\repos\baaarkingdogalgorithm\baaarkingdogalgorithm\x64\debug\2588.obj
c:\rylah\cpp\algorithm\repos\baaarkingdogalgorithm\baaarkingdogalgorithm\x64\debug\2675.obj
c:\rylah\cpp\algorithm\repos\baaarkingdogalgorithm\baaarkingdogalgorithm\x64\debug\2739.obj
c:\rylah\cpp\algorithm\repos\baaarkingdogalgorithm\baaarkingdogalgorithm\x64\debug\2741.obj
c:\rylah\cpp\algorithm\repos\baaarkingdogalgorithm\baaarkingdogalgorithm\x64\debug\2743.obj
c:\rylah\cpp\algorithm\repos\baaarkingdogalgorithm\baaarkingdogalgorithm\x64\debug\2752.obj
c:\rylah\cpp\algorithm\repos\baaarkingdogalgorithm\baaarkingdogalgorithm\x64\debug\2753.obj
c:\rylah\cpp\algorithm\repos\baaarkingdogalgorithm\baaarkingdogalgorithm\x64\debug\27866.obj
c:\rylah\cpp\algorithm\repos\baaarkingdogalgorithm\baaarkingdogalgorithm\x64\debug\2884.obj
c:\rylah\cpp\algorithm\repos\baaarkingdogalgorithm\baaarkingdogalgorithm\x64\debug\2908.obj
c:\rylah\cpp\algorithm\repos\baaarkingdogalgorithm\baaarkingdogalgorithm\x64\debug\2920.obj
c:\rylah\cpp\algorithm\repos\baaarkingdogalgorithm\baaarkingdogalgorithm\x64\debug\2941.obj
c:\rylah\cpp\algorithm\repos\baaarkingdogalgorithm\baaarkingdogalgorithm\x64\debug\3003.obj
c:\rylah\cpp\algorithm\repos\baaarkingdogalgorithm\baaarkingdogalgorithm\x64\debug\3046.obj
c:\rylah\cpp\algorithm\repos\baaarkingdogalgorithm\baaarkingdogalgorithm\x64\debug\3052.obj
c:\rylah\cpp\algorithm\repos\baaarkingdogalgorithm\baaarkingdogalgorithm\x64\debug\5597.obj
c:\rylah\cpp\algorithm\repos\baaarkingdogalgorithm\baaarkingdogalgorithm\x64\debug\5622.obj
c:\rylah\cpp\algorithm\repos\baaarkingdogalgorithm\baaarkingdogalgorithm\x64\debug\8393.obj
c:\rylah\cpp\algorithm\repos\baaarkingdogalgorithm\baaarkingdogalgorithm\x64\debug\8958.obj
c:\rylah\cpp\algorithm\repos\baaarkingdogalgorithm\baaarkingdogalgorithm\x64\debug\9086.obj
c:\rylah\cpp\algorithm\repos\baaarkingdogalgorithm\baaarkingdogalgorithm\x64\debug\test.obj
c:\rylah\cpp\algorithm\repos\baaarkingdogalgorithm\baaarkingdogalgorithm\x64\debug\baaarkin.8183856c.tlog\cl.command.1.tlog
c:\rylah\cpp\algorithm\repos\baaarkingdogalgorithm\baaarkingdogalgorithm\x64\debug\baaarkin.8183856c.tlog\cl.items.tlog
c:\rylah\cpp\algorithm\repos\baaarkingdogalgorithm\baaarkingdogalgorithm\x64\debug\baaarkin.8183856c.tlog\cl.read.1.tlog
c:\rylah\cpp\algorithm\repos\baaarkingdogalgorithm\baaarkingdogalgorithm\x64\debug\baaarkin.8183856c.tlog\cl.write.1.tlog
c:\rylah\cpp\algorithm\repos\baaarkingdogalgorithm\baaarkingdogalgorithm\x64\debug\baaarkin.8183856c.tlog\link.command.1.tlog
c:\rylah\cpp\algorithm\repos\baaarkingdogalgorithm\baaarkingdogalgorithm\x64\debug\baaarkin.8183856c.tlog\link.read.1.tlog
c:\rylah\cpp\algorithm\repos\baaarkingdogalgorithm\baaarkingdogalgorithm\x64\debug\baaarkin.8183856c.tlog\link.write.1.tlog
